[    0.000000] Initializing cgroup subsys cpuset
[    0.000000] Initializing cgroup subsys cpu
[    0.000000] Initializing cgroup subsys cpuacct
[    0.000000] Linux version 4.4.0-210-generic (buildd@lgw01-amd64-009) (gcc version 5.4.0 20160609 (Ubuntu 5.4.0-6ubuntu1~16.04.12) ) #242-Ubuntu SMP Fri Apr 16 09:57:56 UTC 2021 (Ubuntu 4.4.0-210.242-generic 4.4.262)
[    0.000000] Command line: BOOT_IMAGE=/boot/vmlinuz-4.4.0-210-generic root=LABEL=cloudimg-rootfs ro console=tty1 console=ttyS0
[    0.000000] KERNEL supported cpus:
[    0.000000]   Intel GenuineIntel
[    0.000000]   AMD AuthenticAMD
[    0.000000]   Centaur CentaurHauls
[    0.000000] [Firmware Bug]: TSC doesn't count with P0 frequency!
[    0.000000] x86/fpu: Legacy x87 FPU detected.
[    0.000000] e820: BIOS-provided physical RAM map:
[    0.000000] BIOS-e820: [mem 0x0000000000000000-0x000000000009fbff] usable
[    0.000000] BIOS-e820: [mem 0x000000000009fc00-0x000000000009ffff] reserved
[    0.000000] BIOS-e820: [mem 0x00000000000f0000-0x00000000000fffff] reserved
[    0.000000] BIOS-e820: [mem 0x0000000000100000-0x000000003ffeffff] usable
[    0.000000] BIOS-e820: [mem 0x000000003fff0000-0x000000003fffffff] ACPI data
[    0.000000] BIOS-e820: [mem 0x00000000fec00000-0x00000000fec00fff] reserved
[    0.000000] BIOS-e820: [mem 0x00000000fee00000-0x00000000fee00fff] reserved
[    0.000000] BIOS-e820: [mem 0x00000000fffc0000-0x00000000ffffffff] reserved
[    0.000000] NX (Execute Disable) protection: active
[    0.000000] SMBIOS 2.5 present.
[    0.000000] Hypervisor detected: KVM
[    0.000000] Kernel/User page tables isolation: disabled
[    0.000000] e820: last_pfn = 0x3fff0 max_arch_pfn = 0x400000000
[    0.000000] MTRR: Disabled
[    0.000000] x86/PAT: MTRRs disabled, skipping PAT initialization too.
[    0.000000] CPU MTRRs all blank - virtualized system.
[    0.000000] x86/PAT: Configuration [0-7]: WB  WT  UC- UC  WB  WT  UC- UC  
[    0.000000] found SMP MP-table at [mem 0x0009fff0-0x0009ffff] mapped at [ffff88000009fff0]
[    0.000000] Scanning 1 areas for low memory corruption
[    0.000000] RAMDISK: [mem 0x362dc000-0x37165fff]
[    0.000000] ACPI: Early table checksum verification disabled
[    0.000000] ACPI: RSDP 0x00000000000E0000 000024 (v02 VBOX  )
[    0.000000] ACPI: XSDT 0x000000003FFF0030 00003C (v01 VBOX   VBOXXSDT 00000001 ASL  00000061)
[    0.000000] ACPI: FACP 0x000000003FFF00F0 0000F4 (v04 VBOX   VBOXFACP 00000001 ASL  00000061)
[    0.000000] ACPI: DSDT 0x000000003FFF0470 002325 (v02 VBOX   VBOXBIOS 00000002 INTL 20100528)
[    0.000000] ACPI: FACS 0x000000003FFF0200 000040
[    0.000000] ACPI: FACS 0x000000003FFF0200 000040
[    0.000000] ACPI: APIC 0x000000003FFF0240 00005C (v02 VBOX   VBOXAPIC 00000001 ASL  00000061)
[    0.000000] ACPI: SSDT 0x000000003FFF02A0 0001CC (v01 VBOX   VBOXCPUT 00000002 INTL 20100528)
[    0.000000] No NUMA configuration found
[    0.000000] Faking a node at [mem 0x0000000000000000-0x000000003ffeffff]
[    0.000000] NODE_DATA(0) allocated [mem 0x3ffeb000-0x3ffeffff]
[    0.000000] kvm-clock: Using msrs 4b564d01 and 4b564d00
[    0.000000] kvm-clock: cpu 0, msr 0:3ffe3001, primary cpu clock
[    0.000000] kvm-clock: using sched offset of 4842056542 cycles
[    0.000000] clocksource: kvm-clock: mask: 0xffffffffffffffff max_cycles: 0x1cd42e4dffb, max_idle_ns: 881590591483 ns
[    0.000000] Zone ranges:
[    0.000000]   DMA      [mem 0x0000000000001000-0x0000000000ffffff]
[    0.000000]   DMA32    [mem 0x0000000001000000-0x000000003ffeffff]
[    0.000000]   Normal   empty
[    0.000000]   Device   empty
[    0.000000] Movable zone start for each node
[    0.000000] Early memory node ranges
[    0.000000]   node   0: [mem 0x0000000000001000-0x000000000009efff]
[    0.000000]   node   0: [mem 0x0000000000100000-0x000000003ffeffff]
[    0.000000] Initmem setup node 0 [mem 0x0000000000001000-0x000000003ffeffff]
[    0.000000] ACPI: PM-Timer IO Port: 0x4008
[    0.000000] IOAPIC[0]: apic_id 2, version 32, address 0xfec00000, GSI 0-23
[    0.000000] ACPI: INT_SRC_OVR (bus 0 bus_irq 0 global_irq 2 dfl dfl)
[    0.000000] ACPI: INT_SRC_OVR (bus 0 bus_irq 9 global_irq 9 low level)
[    0.000000] Using ACPI (MADT) for SMP configuration information
[    0.000000] smpboot: Allowing 2 CPUs, 0 hotplug CPUs
[    0.000000] PM: Registered nosave memory: [mem 0x00000000-0x00000fff]
[    0.000000] PM: Registered nosave memory: [mem 0x0009f000-0x0009ffff]
[    0.000000] PM: Registered nosave memory: [mem 0x000a0000-0x000effff]
[    0.000000] PM: Registered nosave memory: [mem 0x000f0000-0x000fffff]
[    0.000000] e820: [mem 0x40000000-0xfebfffff] available for PCI devices
[    0.000000] Booting paravirtualized kernel on KVM
[    0.000000] clocksource: refined-jiffies: mask: 0xffffffff max_cycles: 0xffffffff, max_idle_ns: 7645519600211568 ns
[    0.000000] setup_percpu: NR_CPUS:512 nr_cpumask_bits:512 nr_cpu_ids:2 nr_node_ids:1
[    0.000000] PERCPU: Embedded 33 pages/cpu @ffff88003fc00000 s95192 r8192 d31784 u1048576
[    0.000000] Built 1 zonelists in Node order, mobility grouping on.  Total pages: 257912
[    0.000000] Policy zone: DMA32
[    0.000000] Kernel command line: BOOT_IMAGE=/boot/vmlinuz-4.4.0-210-generic root=LABEL=cloudimg-rootfs ro console=tty1 console=ttyS0
[    0.000000] PID hash table entries: 4096 (order: 3, 32768 bytes)
[    0.000000] Memory: 997792K/1048120K available (8644K kernel code, 1332K rwdata, 4044K rodata, 1492K init, 1164K bss, 50328K reserved, 0K cma-reserved)
[    0.000000] SLUB: HWalign=64, Order=0-3, MinObjects=0, CPUs=2, Nodes=1
[    0.000000] Hierarchical RCU implementation.
[    0.000000] 	Build-time adjustment of leaf fanout to 64.
[    0.000000] 	RCU restricting CPUs from NR_CPUS=512 to nr_cpu_ids=2.
[    0.000000] RCU: Adjusting geometry for rcu_fanout_leaf=64, nr_cpu_ids=2
[    0.000000] NR_IRQS:33024 nr_irqs:440 16
[    0.000000] Console: colour VGA+ 80x25
[    0.000000] console [tty1] enabled
[    0.000000] console [ttyS0] enabled
[    0.000000] tsc: Detected 2095.992 MHz processor
[    1.053902] Calibrating delay loop (skipped) preset value.. 4191.98 BogoMIPS (lpj=8383968)
[    1.068859] pid_max: default: 32768 minimum: 301
[    1.078097] ACPI: Core revision 20150930
[    1.091601] ACPI: 2 ACPI AML tables successfully acquired and loaded
[    1.103330] Security Framework initialized
[    1.109823] Yama: becoming mindful.
[    1.116917] AppArmor: AppArmor initialized
[    1.127119] Dentry cache hash table entries: 131072 (order: 8, 1048576 bytes)
[    1.147528] Inode-cache hash table entries: 65536 (order: 7, 524288 bytes)
[    1.164456] Mount-cache hash table entries: 2048 (order: 2, 16384 bytes)
[    1.177762] Mountpoint-cache hash table entries: 2048 (order: 2, 16384 bytes)
[    1.194219] Initializing cgroup subsys io
[    1.206946] Initializing cgroup subsys memory
[    1.216327] Initializing cgroup subsys devices
[    1.228087] Initializing cgroup subsys freezer
[    1.238670] Initializing cgroup subsys net_cls
[    1.247936] Initializing cgroup subsys perf_event
[    1.262295] Initializing cgroup subsys net_prio
[    1.271961] Initializing cgroup subsys hugetlb
[    1.284219] Initializing cgroup subsys pids
[    1.300022] mce: CPU supports 0 MCE banks
[    1.309686] Last level iTLB entries: 4KB 1024, 2MB 1024, 4MB 512
[    1.326321] Last level dTLB entries: 4KB 1536, 2MB 1536, 4MB 768, 1GB 0
[    1.348537] Spectre V1 : Mitigation: usercopy/swapgs barriers and __user pointer sanitization
[    1.369456] Spectre V2 : Spectre mitigation: LFENCE not serializing, switching to generic retpoline
[    1.392790] Spectre V2 : Mitigation: Full generic retpoline
[    1.407075] Spectre V2 : Spectre v2 / SpectreRSB mitigation: Filling RSB on context switch
[    1.428522] Speculative Store Bypass: Mitigation: Speculative Store Bypass disabled via prctl and seccomp
[    1.511317] Freeing SMP alternatives memory: 36K
[    1.681062] ftrace: allocating 32380 entries in 127 pages
[    2.650460] smpboot: APIC(0) Converting physical 0 to logical package 0
[    2.664208] smpboot: Max logical packages: 1
[    2.698783] ..TIMER: vector=0x30 apic1=0 pin1=2 apic2=-1 pin2=-1
[    2.816516] APIC calibration not consistent with PM-Timer: 107ms instead of 100ms
[    2.828271] APIC delta adjusted to PM-Timer: 6622493 (7117857)
[    2.838817] smpboot: CPU0: AMD Ryzen 5 3550H with Radeon Vega Mobile Gfx (family: 0x17, model: 0x18, stepping: 0x1)
[    2.856980] Performance Events: Broken PMU hardware detected, using software events only.
[    2.874035] Failed to access perfctr msr (MSR c0010007 is 0)
[    3.061445] KVM setup paravirtual spinlock
[    3.071485] x86: Booting SMP configuration:
[    3.077279] .... node  #0, CPUs:      #1
[    3.086844] kvm-clock: cpu 1, msr 0:3ffe3041, secondary cpu clock
[    3.096730] mce: CPU supports 0 MCE banks
[    3.102523] TSC synchronization [CPU#0 -> CPU#1]:
[    3.110937] Measured 100834 cycles TSC warp between CPUs, turning off TSC clock.
[    3.126504] tsc: Marking TSC unstable due to check_tsc_sync_source failed
[    3.137319] x86: Booted up 1 node, 2 CPUs
[    3.143902] smpboot: Total of 2 processors activated (8383.96 BogoMIPS)
[    3.160930] devtmpfs: initialized
[    3.176282] evm: security.selinux
[    3.188075] evm: security.SMACK64
[    3.200236] evm: security.SMACK64EXEC
[    3.210288] evm: security.SMACK64TRANSMUTE
[    3.215599] evm: security.SMACK64MMAP
[    3.221280] evm: security.ima
[    3.226990] evm: security.capability
[    3.233822] clocksource: jiffies: mask: 0xffffffff max_cycles: 0xffffffff, max_idle_ns: 7645041785100000 ns
[    3.248778] futex hash table entries: 512 (order: 3, 32768 bytes)
[    3.265654] pinctrl core: initialized pinctrl subsystem
[    3.277479] RTC time:  8:05:44, date: 07/30/22
[    3.296661] NET: Registered protocol family 16
[    0.476017] cpuidle: using governor ladder
[    0.484012] cpuidle: using governor menu
[    0.488000] PCCT header not found.
[    0.502668] ACPI: bus type PCI registered
[    0.504000] acpiphp: ACPI Hot Plug PCI Controller Driver version: 0.5
[    0.504000] PCI: Using configuration type 1 for base access
[    0.504000] PCI: Using configuration type 1 for extended access
[    0.556555] ACPI: Added _OSI(Module Device)
[    0.560000] ACPI: Added _OSI(Processor Device)
[    0.560000] ACPI: Added _OSI(3.0 _SCP Extensions)
[    0.560000] ACPI: Added _OSI(Processor Aggregator Device)
[    0.593136] ACPI: Executed 1 blocks of module-level executable AML code
[    0.609930] ACPI: Interpreter enabled
[    0.612000] ACPI: (supports S0 S5)
[    0.612000] ACPI: Using IOAPIC for interrupt routing
[    0.632511] PCI: Using host bridge windows from ACPI; if necessary, use "pci=nocrs" and report a bug
[    0.656109] ACPI: PCI Root Bridge [PCI0] (domain 0000 [bus 00-ff])
[    0.660000] acpi PNP0A03:00: _OSC: OS supports [ExtendedConfig ASPM ClockPM Segments MSI]
[    0.677960] acpi PNP0A03:00: _OSC: platform does not support [PCIeCapability]
[    0.692675] acpi PNP0A03:00: _OSC: not requesting control; platform does not support [PCIeCapability]
[    0.696000] acpi PNP0A03:00: _OSC: OS requested [PCIeHotplug PME AER PCIeCapability]
[    0.696000] acpi PNP0A03:00: _OSC: platform willing to grant [PCIeHotplug PME AER]
[    0.696000] acpi PNP0A03:00: _OSC failed (AE_SUPPORT); disabling ASPM
[    0.744621] PCI host bridge to bus 0000:00
[    0.748000] pci_bus 0000:00: root bus resource [io  0x0000-0x0cf7 window]
[    0.748000] pci_bus 0000:00: root bus resource [io  0x0d00-0xffff window]
[    0.748000] pci_bus 0000:00: root bus resource [mem 0x000a0000-0x000bffff window]
[    0.748000] pci_bus 0000:00: root bus resource [mem 0x40000000-0xfdffffff window]
[    0.748000] pci_bus 0000:00: root bus resource [bus 00-ff]
[    0.855387] pci 0000:00:01.1: legacy IDE quirk: reg 0x10: [io  0x01f0-0x01f7]
[    0.856000] pci 0000:00:01.1: legacy IDE quirk: reg 0x14: [io  0x03f6]
[    0.856000] pci 0000:00:01.1: legacy IDE quirk: reg 0x18: [io  0x0170-0x0177]
[    0.856000] pci 0000:00:01.1: legacy IDE quirk: reg 0x1c: [io  0x0376]
[    0.931019] pci 0000:00:07.0: quirk: [io  0x4000-0x403f] claimed by PIIX4 ACPI
[    0.932000] pci 0000:00:07.0: quirk: [io  0x4100-0x410f] claimed by PIIX4 SMB
[    0.962010] ACPI: PCI Interrupt Link [LNKA] (IRQs 5 9 10 *11)
[    0.976796] ACPI: PCI Interrupt Link [LNKB] (IRQs 5 9 *10 11)
[    0.980000] ACPI: PCI Interrupt Link [LNKC] (IRQs 5 *9 10 11)
[    0.996086] ACPI: PCI Interrupt Link [LNKD] (IRQs 5 9 10 *11)
[    0.996086] ACPI: Enabled 2 GPEs in block 00 to 07
[    1.032091] vgaarb: setting as boot device: PCI:0000:00:02.0
[    1.036000] vgaarb: device added: PCI:0000:00:02.0,decodes=io+mem,owns=io+mem,locks=none
[    1.036000] vgaarb: loaded
[    1.036000] vgaarb: bridge control possible 0000:00:02.0
[    1.036000] SCSI subsystem initialized
[    1.076513] ACPI: bus type USB registered
[    1.080000] usbcore: registered new interface driver usbfs
[    1.080000] usbcore: registered new interface driver hub
[    1.080000] usbcore: registered new device driver usb
[    1.116563] PCI: Using ACPI for IRQ routing
[    1.120000] NetLabel: Initializing
[    1.120000] NetLabel:  domain hash size = 128
[    1.120000] NetLabel:  protocols = UNLABELED CIPSOv4
[    1.120000] NetLabel:  unlabeled traffic allowed by default
[    1.164104] amd_nb: Cannot enumerate AMD northbridges
[    1.172015] clocksource: Switched to clocksource kvm-clock
[    1.237724] AppArmor: AppArmor Filesystem Enabled
[    1.237724] pnp: PnP ACPI init
[    1.262932] pnp: PnP ACPI: found 3 devices
[    1.336218] clocksource: acpi_pm: mask: 0xffffff max_cycles: 0xffffff, max_idle_ns: 2085701024 ns
[    1.336666] NET: Registered protocol family 2
[    1.336666] TCP established hash table entries: 8192 (order: 4, 65536 bytes)
[    1.336666] TCP bind hash table entries: 8192 (order: 5, 131072 bytes)
[    1.336666] TCP: Hash tables configured (established 8192 bind 8192)
[    1.419430] UDP hash table entries: 512 (order: 2, 16384 bytes)
[    1.422598] UDP-Lite hash table entries: 512 (order: 2, 16384 bytes)
[    1.422598] NET: Registered protocol family 1
[    1.422598] pci 0000:00:00.0: Limiting direct PCI/PCI transfers
[    1.422598] pci 0000:00:01.0: Activating ISA DMA hang workarounds
[    1.422598] Unpacking initramfs...
[    1.535267] Freeing initrd memory: 14888K
[    1.535267] clocksource: tsc: mask: 0xffffffffffffffff max_cycles: 0x1e36668feb2, max_idle_ns: 440795310268 ns
[    1.535267] platform rtc_cmos: registered platform RTC device (no PNP device found)
[    1.535267] Scanning for low memory corruption every 60 seconds
[    2.208010] audit: initializing netlink subsys (disabled)
[    2.211559] audit: type=2000 audit(1659168349.171:1): initialized
[    2.211559] Initialise system trusted keyring
[    2.241117] HugeTLB registered 2 MB page size, pre-allocated 0 pages
[    2.244713] zbud: loaded
[    2.264756] VFS: Disk quotas dquot_6.6.0
[    2.267226] VFS: Dquot-cache hash table entries: 512 (order 0, 4096 bytes)
[    2.267226] squashfs: version 4.0 (2009/01/31) Phillip Lougher
[    2.297705] fuse init (API version 7.23)
[    2.305798] Key type big_key registered
[    2.309097] Allocating IMA MOK and blacklist keyrings.
[    2.345605] Key type asymmetric registered
[    2.349592] Asymmetric key parser 'x509' registered
[    2.349592] Block layer SCSI generic (bsg) driver version 0.4 loaded (major 249)
[    2.375656] io scheduler noop registered
[    2.379083] io scheduler deadline registered (default)
[    2.379083] io scheduler cfq registered
[    2.379083] pci_hotplug: PCI Hot Plug PCI Core version: 0.5
[    2.379083] pciehp: PCI Express Hot Plug Controller Driver version: 0.4
[    2.414893] ACPI: AC Adapter [AC] (off-line)
[    2.418691] input: Power Button as /devices/LNXSYSTM:00/LNXPWRBN:00/input/input0
[    2.418691] ACPI: Power Button [PWRF]
[    2.418691] input: Sleep Button as /devices/LNXSYSTM:00/LNXSLPBN:00/input/input1
[    2.418691] ACPI: Sleep Button [SLPF]
[    2.460786] GHES: HEST is not enabled!
[    2.463112] ACPI: Battery Slot [BAT0] (battery present)
[    2.476246] Serial: 8250/16550 driver, 32 ports, IRQ sharing enabled
[    2.479903] 00:02: ttyS0 at I/O 0x3f8 (irq = 4, base_baud = 115200) is a 16550A
[    2.557926] Linux agpgart interface v0.103
[    2.591430] loop: module loaded
[    2.603572] scsi host0: ata_piix
[    2.611031] scsi host1: ata_piix
[    2.614604] ata1: PATA max UDMA/33 cmd 0x1f0 ctl 0x3f6 bmdma 0xd000 irq 14
[    2.614604] ata2: PATA max UDMA/33 cmd 0x170 ctl 0x376 bmdma 0xd008 irq 15
[    2.614604] libphy: Fixed MDIO Bus: probed
[    2.614604] tun: Universal TUN/TAP device driver, 1.6
[    2.614604] tun: (C) 1999-2004 Max Krasnyansky <maxk@qualcomm.com>
[    2.669851] PPP generic driver version 2.4.2
[    2.678265] ehci_hcd: USB 2.0 'Enhanced' Host Controller (EHCI) Driver
[    2.681794] ehci-pci: EHCI PCI platform driver
[    2.681794] ehci-platform: EHCI generic platform driver
[    2.681794] ohci_hcd: USB 1.1 'Open' Host Controller (OHCI) Driver
[    2.681794] ohci-pci: OHCI PCI platform driver
[    2.681794] ohci-platform: OHCI generic platform driver
[    2.681794] uhci_hcd: USB Universal Host Controller Interface driver
[    2.681794] i8042: PNP: PS/2 Controller [PNP0303:PS2K,PNP0f03:PS2M] at 0x60,0x64 irq 1,12
[    2.759786] serio: i8042 KBD port at 0x60,0x64 irq 1
[    2.761590] serio: i8042 AUX port at 0x60,0x64 irq 12
[    2.774053] mousedev: PS/2 mouse device common for all mice
[    2.797445] rtc_cmos rtc_cmos: rtc core: registered rtc_cmos as rtc0
[    2.798074] rtc_cmos rtc_cmos: alarms up to one day, 114 bytes nvram
[    2.798074] i2c /dev entries driver
[    2.798074] device-mapper: uevent: version 1.0.3
[    2.798074] device-mapper: ioctl: 4.34.0-ioctl (2015-10-28) initialised: dm-devel@redhat.com
[    2.798074] ledtrig-cpu: registered to indicate activity on CPUs
[    2.881693] NET: Registered protocol family 10
[    2.884581] NET: Registered protocol family 17
[    2.884581] Key type dns_resolver registered
[    2.910629] registered taskstats version 1
[    2.913641] input: AT Translated Set 2 keyboard as /devices/platform/i8042/serio0/input/input2
[    2.914452] Loading compiled-in X.509 certificates
[    2.914452] Loaded X.509 cert 'Build time autogenerated kernel key: cf00e047681d67edb2720680708b7d9498083038'
[    2.914452] zswap: loaded using pool lzo/zbud
[    2.973263] Key type trusted registered
[    2.998436] Key type encrypted registered
[    3.002421] AppArmor: AppArmor sha1 policy hashing enabled
[    3.002421] ima: No TPM chip found, activating TPM-bypass!
[    3.002421] ima: Allocated hash algorithm: sha1
[    3.002421] evm: HMAC attrs: 0x1
[    3.038880]   Magic number: 14:620:69
[    3.046368] rtc_cmos rtc_cmos: setting system clock to 2022-07-30 08:05:46 UTC (1659168346)
[    3.060701] BIOS EDD facility v0.16 2004-Jun-25, 0 devices found
[    3.064486] EDD information not available.
[    3.080324] Freeing unused kernel memory: 1492K
[    3.096987] Write protecting the kernel read-only data: 14336k
[    3.111199] Freeing unused kernel memory: 1584K
[    3.124806] Freeing unused kernel memory: 52K
Loading, please wait...
starting version 229
[    3.194498] random: systemd-udevd: uninitialized urandom read (16 bytes read, 5 bits of entropy available)
[    3.195606] random: udevadm: uninitialized urandom read (16 bytes read, 5 bits of entropy available)
[    3.195689] random: udevadm: uninitialized urandom read (16 bytes read, 5 bits of entropy available)
[    3.221319] random: udevadm: uninitialized urandom read (16 bytes read, 5 bits of entropy available)
[    3.221392] random: udevadm: uninitialized urandom read (16 bytes read, 5 bits of entropy available)
[    3.221652] random: udevadm: uninitialized urandom read (16 bytes read, 5 bits of entropy available)
[    3.221722] random: udevadm: uninitialized urandom read (16 bytes read, 5 bits of entropy available)
[    3.221862] random: udevadm: uninitialized urandom read (16 bytes read, 5 bits of entropy available)
[    3.221920] random: udevadm: uninitialized urandom read (16 bytes read, 5 bits of entropy available)
[    3.222057] random: udevadm: uninitialized urandom read (16 bytes read, 5 bits of entropy available)
[    3.408448] e1000: Intel(R) PRO/1000 Network Driver - version 7.3.21-k8-NAPI
[    3.412039] e1000: Copyright (c) 1999-2006 Intel Corporation.
[    4.448155] Fusion MPT base driver 3.04.20
[    4.448550] Copyright (c) 1999-2008 LSI Corporation
[    4.492604] Fusion MPT SPI Host driver 3.04.20
[    4.876713] input: ImExPS/2 Generic Explorer Mouse as /devices/platform/i8042/serio1/input/input4
[    5.676154] e1000 0000:00:03.0 eth0: (PCI:33MHz:32-bit) 02:be:82:6b:cc:1d
[    5.676486] e1000 0000:00:03.0 eth0: Intel(R) PRO/1000 Network Connection
[    7.021762] e1000 0000:00:08.0 eth1: (PCI:33MHz:32-bit) 08:00:27:45:a9:66
[    7.024852] e1000 0000:00:08.0 eth1: Intel(R) PRO/1000 Network Connection
[    7.058531] mptbase: ioc0: Initiating bringup
[    7.054583] e1000 0000:00:08.0 enp0s8: renamed from eth1
[    7.091123] e1000 0000:00:03.0 enp0s3: renamed from eth0
[    7.184651] ioc0: LSI53C1030 A0: Capabilities={Initiator}
[    7.419718] scsi host2: ioc0: LSI53C1030 A0, FwRev=00000000h, Ports=1, MaxQ=256, IRQ=20
[    7.592933] scsi 2:0:0:0: Direct-Access     VBOX     HARDDISK         1.0  PQ: 0 ANSI: 5
[    7.596893] scsi target2:0:0: Beginning Domain Validation
[    7.682091] scsi target2:0:0: Domain Validation skipping write tests
[    7.685940] scsi target2:0:0: Ending Domain Validation
[    7.710305] scsi target2:0:0: asynchronous
[    7.726384] scsi 2:0:1:0: Direct-Access     VBOX     HARDDISK         1.0  PQ: 0 ANSI: 5
[    7.730276] scsi target2:0:1: Beginning Domain Validation
[    7.773288] scsi target2:0:1: Domain Validation skipping write tests
[    7.777211] scsi target2:0:1: Ending Domain Validation
[    7.801920] scsi target2:0:1: asynchronous
[    8.015385] sd 2:0:0:0: Attached scsi generic sg0 type 0
[    8.019188] sd 2:0:0:0: [sda] 83886080 512-byte logical blocks: (42.9 GB/40.0 GiB)
[    8.020508] sd 2:0:0:0: [sda] Write Protect is off
[    8.022170] sd 2:0:0:0: [sda] Incomplete mode parameter data
[    8.022174] sd 2:0:0:0: [sda] Assuming drive cache: write through
[    8.034135]  sda: sda1
[    8.039365] sd 2:0:0:0: [sda] Attached SCSI disk
[    8.108651] sd 2:0:1:0: Attached scsi generic sg1 type 0
[    8.111629] sd 2:0:1:0: [sdb] 20480 512-byte logical blocks: (10.5 MB/10.0 MiB)
[    8.113794] sd 2:0:1:0: [sdb] Write Protect is off
[    8.114700] sd 2:0:1:0: [sdb] Incomplete mode parameter data
[    8.114702] sd 2:0:1:0: [sdb] Assuming drive cache: write through
[    8.133358] sd 2:0:1:0: [sdb] Attached SCSI disk
Begin: Loading essential drivers ... [   10.630558] md: linear personality registered for level -1
[   10.689014] md: multipath personality registered for level -4
[   10.714481] md: raid0 personality registered for level 0
[   10.754088] md: raid1 personality registered for level 1
[   10.848468] raid6: sse2x1   gen()  4593 MB/s
[   11.503516] raid6: sse2x1   xor()  2488 MB/s
[   12.508409] raid6: sse2x2   gen()  7156 MB/s
[   13.472177] raid6: sse2x2   xor()  4104 MB/s
[   14.460376] raid6: sse2x4   gen()  3675 MB/s
[   16.403770] raid6: sse2x4   xor() 67461 MB/s
[   16.407672] raid6: using algorithm sse2x2 gen() 7156 MB/s
[   16.407672] raid6: .... xor() 4104 MB/s, rmw enabled
[   16.407672] raid6: using ssse3x2 recovery algorithm
[   16.439362] xor: measuring software checksum speed
[   21.407212]    prefetch64-sse: -2131764.-296 MB/sec
[   21.511823]    generic_sse: 19806.000 MB/sec
[   21.515729] xor: using function: generic_sse (19806.000 MB/sec)
[   21.550676] async_tx: api initialized (async)
[   21.771566] md: raid6 personality registered for level 6
[   21.775327] md: raid5 personality registered for level 5
[   21.775327] md: raid4 personality registered for level 4
[   21.854217] md: raid10 personality registered for level 10
done.
Begin: Running /scripts/init-premount ... done.
Begin: Mounting root file system ... Begin: Running /scripts/local-top ... done.
Begin: Running /scripts/local-premount ... [   22.061190] Btrfs loaded
Scanning for Btrfs filesystems
done.
Warning: fsck not present, so skipping root file system
[   22.215005] EXT4-fs (sda1): mounted filesystem with ordered data mode. Opts: (null)
done.
Begin: Running /scripts/local-bottom ... done.
Begin: Running /scripts/init-bottom ... done.
[   22.639646] systemd[1]: systemd 229 running in system mode. (+PAM +AUDIT +SELINUX +IMA +APPARMOR +SMACK +SYSVINIT +UTMP +LIBCRYPTSETUP +GCRYPT +GNUTLS +ACL +XZ -LZ4 +SECCOMP +BLKID +ELFUTILS +KMOD -IDN)
[   22.641076] systemd[1]: Detected virtualization oracle.
[   22.641076] systemd[1]: Detected architecture x86-64.

Welcome to [1mUbuntu 16.04.7 LTS[0m!

[   22.713077] systemd[1]: Set hostname to <ubuntu>.
[   22.738633] systemd[1]: Initializing machine ID from random generator.
[   22.742167] systemd[1]: Installed transient /etc/machine-id file.
[   23.392795] systemd[1]: Created slice User and Session Slice.
[[0;32m  OK  [0m] Created slice User and Session Slice.
[   23.421889] systemd[1]: Listening on LVM2 metadata daemon socket.
[[0;32m  OK  [0m] Listening on LVM2 metadata daemon socket.
[   23.445447] systemd[1]: Reached target User and Group Name Lookups.
[[0;32m  OK  [0m] Reached target User and Group Name Lookups.
[   23.469621] systemd[1]: Listening on udev Kernel Socket.
[[0;32m  OK  [0m] Listening on udev Kernel Socket.
[   23.487073] systemd[1]: Listening on Journal Socket.
[[0;32m  OK  [0m] Listening on Journal Socket.
[   23.510175] systemd[1]: Reached target Swap.
[[0;32m  OK  [0m] Reached target Swap.
[   23.525563] systemd[1]: Started Forward Password Requests to Wall Directory Watch.
[[0;32m  OK  [0m] Started Forward Password Requests to Wall Directory Watch.
[   23.546374] systemd[1]: Reached target Encrypted Volumes.
[[0;32m  OK  [0m] Reached target Encrypted Volumes.
[   23.566140] systemd[1]: Listening on LVM2 poll daemon socket.
[[0;32m  OK  [0m] Listening on LVM2 poll daemon socket.
[   23.579413] systemd[1]: Listening on Journal Socket (/dev/log).
[[0;32m  OK  [0m] Listening on Journal Socket (/dev/log).
[   23.598006] systemd[1]: Listening on /dev/initctl Compatibility Named Pipe.
[[0;32m  OK  [0m] Listening on /dev/initctl Compatibility Named Pipe.
[   23.615474] random: nonblocking pool is initialized
[   23.627601] systemd[1]: Listening on fsck to fsckd communication Socket.
[[0;32m  OK  [0m] Listening on fsck to fsckd communication Socket.
[   23.646239] systemd[1]: Listening on udev Control Socket.
[[0;32m  OK  [0m] Listening on udev Control Socket.
[   23.660424] systemd[1]: Listening on Journal Audit Socket.
[[0;32m  OK  [0m] Listening on Journal Audit Socket.
[   23.679475] systemd[1]: Set up automount Arbitrary Executable File Formats File System Automount Point.
[[0;32m  OK  [0m] Set up automount Arbitrary Executab...ats File System Automount Point.
[   23.707205] systemd[1]: Started Trigger resolvconf update for networkd DNS.
[[0;32m  OK  [0m] Started Trigger resolvconf update for networkd DNS.
[   23.729381] systemd[1]: Listening on Syslog Socket.
[[0;32m  OK  [0m] Listening on Syslog Socket.
[   23.744470] systemd[1]: Created slice System Slice.
[[0;32m  OK  [0m] Created slice System Slice.
[   23.773165] systemd[1]: Starting Nameserver information manager...
         Starting Nameserver information manager...
[   23.793097] systemd[1]: Reached target Slices.
[[0;32m  OK  [0m] Reached target Slices.
[   23.813320] systemd[1]: Mounting Huge Pages File System...
         Mounting Huge Pages File System...
[   23.829748] systemd[1]: Starting File System Check on Root Device...
         Starting File System Check on Root Device...
[   23.854612] systemd[1]: Starting Create list of required static device nodes for the current kernel...
         Starting Create list of required st... nodes for the current kernel...
[   23.881542] systemd[1]: Mounting POSIX Message Queue File System...
         Mounting POSIX Message Queue File System...
[   23.910945] systemd[1]: Mounting Debug File System...
         Mounting Debug File System...
[   23.937685] systemd[1]: Starting Load Kernel Modules...
         Starting Load Kernel Modules...
[   23.954898] systemd[1]: Starting Journal Service...
         Starting Journal Service...
[   23.976254] systemd[1]: Created slice system-serial\x2dgetty.slice.
[[0;32m  OK  [0m] Created slice system-serial\x2dgetty.slice.
[   23.993915] Loading iSCSI transport class v2.0-870.
[   24.013078] systemd[1]: Starting Uncomplicated firewall...
         Starting Uncomplicated firewall...
[   24.034277] systemd[1]: Starting Set console keymap...
         Starting Set console keymap...
[   24.054062] systemd[1]: Reached target System Time Synchronized.
[[0;32m  OK  [0m] Reached target System Time Synchronized.
[   24.088956] systemd[1]: Listening on Device-mapper event daemon FIFOs.
[[0;32m  OK  [0m] Listening on Device-mapper event daemon FIFOs.
[   24.103235] iscsi: registered transport (tcp)
[   24.139064] systemd[1]: Starting Monitoring of LVM2 mirrors, snapshots etc. using dmeventd or progress polling...
         Starting Monitoring of LVM2 mirrors... dmeventd or progress polling...
[   24.180722] systemd[1]: Mounted Huge Pages File System.
[[0;32m  OK  [0m] Mounted Huge Pages File System.
[   24.209550] systemd[1]: Mounted POSIX Message Queue File System.
[[0;32m  OK  [0m] Mounted POSIX Message Queue File System.
[   24.234502] systemd[1]: Mounted Debug File System.
[[0;32m  OK  [0m] Mounted Debug File System.
[   24.275941] systemd[1]: Started Journal Service.
[[0;32m  OK  [0m] Started Journal Service.
[[0;32m  OK  [0m] Started File System Check on Root Device.
[[0;32m  OK  [0m] Started Create list of required sta...ce nodes for the current kernel.
[[0;32m  OK  [0m] Started Uncomplicated firewall.
[[0;32m  OK  [0m] Started Set console keymap.
[[0;32m  OK  [0m] Started Nameserver information manager.
[[0;32m  OK  [0m] Started LVM2 metadata daemon.
[[0;32m  OK  [0m] Started File System Check Daemon to report status.
[   24.524635] iscsi: registered transport (iser)
         Starting Create Static Device Nodes in /dev...
         Starting Remount Root and Kernel File Systems...
[[0;32m  OK  [0m] Started Load Kernel Modules.
[   24.576730] EXT4-fs (sda1): re-mounted. Opts: (null)
         Starting Apply Kernel Variables...
         Mounting FUSE Control File System...
[[0;32m  OK  [0m] Started Remount Root and Kernel File Systems.
         Starting udev Coldplug all Devices...
         Starting Flush Journal to Persistent Storage...
         Starting Load/Save Random Seed...
[[0;32m  OK  [0m] Mounted FUSE Control File System.
[[0;32m  OK  [0m] Started Create Static Device Nodes in /dev.
[[0;32m  OK  [0m] Started Monitoring of LVM2 mirrors,...ng dmeventd or progress polling.
[[0;32m  OK  [0m] Started Apply Kernel Variables.
[[0;32m  OK  [0m] Started Load/Save Random Seed.
         Starting udev Kernel Device Manager...
[[0;32m  OK  [0m] Reached target Local File Systems (Pre).
[[0;32m  OK  [0m] Reached target Local File Systems.
         Starting Tell Plymouth To Write Out Runtime Data...
         Starting Initial cloud-init job (pre-networking)...
         Starting LSB: AppArmor initialization...
         Starting Commit a transient machine-id on disk...
         Starting Set console font and keymap...
[[0;32m  OK  [0m] Started Flush Journal to Persistent Storage.
[[0;32m  OK  [0m] Started udev Coldplug all Devices.
[[0;32m  OK  [0m] Started Tell Plymouth To Write Out Runtime Data.
         Starting Create Volatile Files and Directories...
[[0;32m  OK  [0m] Started udev Kernel Device Manager.
[[0;32m  OK  [0m] Started Commit a transient machine-id on disk.
[[0;32m  OK  [0m] Started Create Volatile Files and Directories.
         Starting Update UTMP about System Boot/Shutdown...
[[0;32m  OK  [0m] Started Dispatch Password Requests to Console Directory Watch.
[[0;32m  OK  [0m] Started Update UTMP about System Boot/Shutdown.
[[0;32m  OK  [0m] Found device /dev/ttyS0.
[[0;32m  OK  [0m] Started Set console font and keymap.
[[0;32m  OK  [0m] Started LSB: AppArmor initialization.
         Starting Load AppArmor profiles managed internally by snapd...
[[0;32m  OK  [0m] Created slice system-getty.slice.
[[0;32m  OK  [0m] Listening on Load/Save RF Kill Switch Status /dev/rfkill Watch.
[[0;32m  OK  [0m] Started Load AppArmor profiles managed internally by snapd.
[   29.987367] cloud-init[471]: Cloud-init v. 21.1-19-gbad84ad4-0ubuntu1~16.04.2 running 'init-local' at Sat, 30 Jul 2022 08:06:12 +0000. Up 29.37 seconds.
[[0;32m  OK  [0m] Started Initial cloud-init job (pre-networking).
[[0;32m  OK  [0m] Reached target Network (Pre).
         Starting Raise network interfaces...
[[0;32m  OK  [0m] Started Raise network interfaces.
         Starting Initial cloud-init job (metadata service crawler)...
[[0;32m  OK  [0m] Reached target Network.
[   33.171584] cloud-init[937]: Cloud-init v. 21.1-19-gbad84ad4-0ubuntu1~16.04.2 running 'init' at Sat, 30 Jul 2022 08:06:15 +0000. Up 31.93 seconds.
[   33.209373] cloud-init[937]: ci-info: ++++++++++++++++++++++++++++++++++++++Net device info+++++++++++++++++++++++++++++++++++++++
[   33.224280] cloud-init[937]: ci-info: +--------+-------+----------------------------+---------------+--------+-------------------+
[   33.239364] cloud-init[937]: ci-info: | Device |   Up  |          Address           |      Mask     | Scope  |     Hw-Address    |
[   33.255141] cloud-init[937]: ci-info: +--------+-------+----------------------------+---------------+--------+-------------------+
[   33.266517] cloud-init[937]: ci-info: | enp0s3 |  True |         10.0.2.15          | 255.255.255.0 | global | 02:be:82:6b:cc:1d |
[   33.277553] cloud-init[937]: ci-info: | enp0s3 |  True | fe80::be:82ff:fe6b:cc1d/64 |       .       |  link  | 02:be:82:6b:cc:1d |
[   33.292750] cloud-init[937]: ci-info: | enp0s8 | False |             .              |       .       |   .    | 08:00:27:45:a9:66 |
[   33.304557] cloud-init[937]: ci-info: |   lo   |  True |         127.0.0.1          |   255.0.0.0   |  host  |         .         |
[   33.314298] cloud-init[937]: ci-info: |   lo   |  True |          ::1/128           |       .       |  host  |         .         |
[   36.404708] [cloud-init[0;32m  OK  [0m[937]: ] ci-info: +--------+-------+----------------------------+---------------+--------+-------------------+Started Initial cloud-init job (metadata service crawler).

[   36.426115] cloud-init[937]: ci-info: +++++++++++++++++++++++++++Route IPv4 info++++++++++++++++++++++++++++
[   36.449962] [cloud-init[0;32m  OK  [0m] [937]: Reached target Network is Online.
ci-info: +-------+-------------+----------+---------------+-----------+-------+
[   36.461277] cloud-init[937]: ci-info: | Route | Destination | Gateway  |    Genmask    | Interface | Flags |
         Starting iSCSI initiator daemon (iscsid)...
[[0;32m  OK  [0m] Reached target System Initialization.
[   36.470997] cloud-init[937]: ci-info: +-------+-------------+----------+---------------+-----------+-------+
[   36.493868] cloud-init[937]: ci-info: |   0   |   0.0.0.0   | 10.0.2.2 |    0.0.0.0    |   enp0s3  |   UG  |
[   36.494033] cloud-init[937]: ci-info: |   1   |   10.0.2.0  | 0.0.0.0  | 255.255.255.0 |   enp0s3  |   U   |
[   36.494104] cloud-init[937]: ci-info: +-------+-------------+----------+---------------+-----------+-------+
[   36.494834] cloud-init[937]: ci-info: +++++++++++++++++++Route IPv6 info+++++++++++++++++++
[   36.495499] cloud-init[937]: ci-info: +-------+-------------+---------+-----------+-------+
[   36.496058] cloud-init[937]: ci-info: | Route | Destination | Gateway | Interface | Flags |
[   36.496718] cloud-init[937]: ci-info: +-------+-------------+---------+-----------+-------+
[   36.498954] cloud-init[937]: ci-info: |   0   |  fe80::/64  |    ::   |   enp0s3  |   U   |
[   36.500080] cloud-init[937]: ci-info: |   4   |   ff00::/8  |    ::   |   enp0s3  |   U   |
[   36.500167] cloud-init[937]: ci-info: +-------+-------------+---------+-----------+-------+
[   36.500896] cloud-init[937]: Generating public/private rsa key pair.
[   36.501679] cloud-init[937]: Your identification has been saved in /etc/ssh/ssh_host_rsa_key.
[   36.502427] cloud-init[937]: Your public key has been saved in /etc/ssh/ssh_host_rsa_key.pub.
[   36.503287] cloud-init[937]: The key fingerprint is:
[   36.504483] cloud-init[937]: SHA256:DOOa4iLz25Buk1SSqbNm6i/96vjyIaxCXNQantLZw1M root@ubuntu-xenial
[   36.505157] cloud-init[937]: The key's randomart image is:
[   36.505969] cloud-init[937]: +---[RSA 2048]----+
[   36.506635] cloud-init[937]: |    .            |
[   36.507375] cloud-init[937]: |   o . E         |
[   36.508173] cloud-init[937]: |  +oB +          |
[   36.508851] cloud-init[937]: | .+B.* +         |
[   36.509618] cloud-init[937]: |..oo  + S        |
[   36.510385] cloud-init[937]: |+o.. o           |
[   36.511192] cloud-init[937]: |.*=oo            |
[   36.512086] cloud-init[937]: |BB*=.            |
[   36.513685] cloud-init[937]: |XB%O+.           |
[   36.514375] cloud-init[937]: +----[SHA256]-----+
[   36.514785] cloud-init[937]: Generating public/private dsa key pair.
[   36.514930] cloud-init[937]: Your identification has been saved in /etc/ssh/ssh_host_dsa_key.
[   36.515196] cloud-init[937]: Your public key has been saved in /etc/ssh/ssh_host_dsa_key.pub.
[   36.515287] cloud-init[937]: The key fingerprint is:
[   36.515346] cloud-init[937]: SHA256:Ty96BM9pYRihudxMDRv8L3jgELJe6fin5rSOywMuEIg root@ubuntu-xenial
[   36.515544] cloud-init[937]: The key's randomart image is:
[   36.515717] cloud-init[937]: +---[DSA 1024]----+
[   36.516263] cloud-init[937]: |       .+.       |
[   36.516746] cloud-init[937]: |    . .oo=       |
[   36.516826] cloud-init[937]: |o    oooo+.      |
[   36.518262] cloud-init[937]: |E   ..+=+ +      |
[   36.519181] cloud-init[937]: | . . +ooSB.+     |
[   36.520139] cloud-init[937]: |. . o . ooO..    |
[   36.521070] cloud-init[937]: |.. . ..  +o..    |
[   36.522002] cloud-init[937]: |. ...oo.....     |
[   36.522815] cloud-init[937]: | .  +*=o..       |
[   36.523607] cloud-init[937]: +----[SHA256]-----+
[   36.524381] cloud-init[937]: Generating public/private ecdsa key pair.
[   36.525831] cloud-init[937]: Your identification has been saved in /etc/ssh/ssh_host_ecdsa_key.
[   36.526498] cloud-init[937]: Your public key has been saved in /etc/ssh/ssh_host_ecdsa_key.pub.
[   36.527284] cloud-init[937]: The key fingerprint is:
[   36.528076] cloud-init[937]: SHA256:+LgBjj07DxxMnpjoZ6KG7x7Vt6RXVqu8qNE1Piuyhbc root@ubuntu-xenial
[   36.528792] cloud-init[937]: The key's randomart image is:
[   36.529598] cloud-init[937]: +---[ECDSA 256]---+
[   36.530289] cloud-init[937]: |                 |
[   36.532733] cloud-init[937]: |                 |
[   36.535340] cloud-init[937]: |    .       .    |
[   36.536873] cloud-init[937]: | . * o .   . .   |
[   36.537329] cloud-init[937]: |. o B o S = .    |
[   36.538044] cloud-init[937]: |.  * o O B o     |
[   36.538603] cloud-init[937]: |.ooo* * B =      |
[   36.539254] cloud-init[937]: |o.+..+.B.o +     |
[   36.539841] cloud-init[937]: |o++ .o=+E.o      |
[   36.540457] cloud-init[937]: +----[SHA256]-----+
[   36.541122] cloud-init[937]: Generating public/private ed25519 key pair.
[   36.541734] cloud-init[937]: Your identification has been saved in /etc/ssh/ssh_host_ed25519_key.
[   36.542442] cloud-init[937]: Your public key has been saved in /etc/ssh/ssh_host_ed25519_key.pub.
[   36.542971] cloud-init[937]: The key fingerprint is:
[   36.543610] cloud-init[937]: SHA256:8uxwoNJhmQessscVqyKjVGl31WOk02qoiS1Fl58kkuU root@ubuntu-xenial
[   36.544282] cloud-init[937]: The key's randomart image is:
[   36.544856] cloud-init[937]: +--[ED25519 256]--+
[   36.545495] cloud-init[937]: |       .   .     |
[   36.546210] cloud-init[937]: |   .  + . =      |
[   36.549606] cloud-init[937]: |    ++ E = =     |
[   36.550479] cloud-init[937]: |   .o*o * = .    |
[   36.550965] cloud-init[937]: |. .+Bo+oS=       |
[   36.551598] cloud-init[937]: | +o==++=.        |
[   36.552305] cloud-init[937]: |=.=oo+. +        |
[   36.552857] cloud-init[937]: |++ ..  +         |
[   36.553715] cloud-init[[0;32m  OK  [0m] Listening on D-Bus System Message Bus Socket.
[937]: |.       .        |
[[0;32m  OK  [0m] Started ACPI Events Check.
[[0;32m  OK  [0m] Reached target Paths.
[[0;32m  OK  [0m] Started Message of the Day.
[   36.763114] cloud-init[937]: +----[SHA256]-----+
         Starting LXD - unix socket.
[[0;32m  OK  [0m] Listening on UUID daemon activation socket.
[[0;32m  OK  [0m] Started Daily apt download activities.
[[0;32m  OK  [0m] Started Daily apt upgrade and clean activities.
[[0;32m  OK  [0m] Started Ubuntu Advantage update messaging.
         Starting Socket activation for snappy daemon.
[[0;32m  OK  [0m] Listening on ACPID Listen Socket.
[[0;32m  OK  [0m] Started Daily Cleanup of Temporary Directories.
[[0;32m  OK  [0m] Reached target Timers.
[[0;32m  OK  [0m] Reached target Cloud-config availability.
[[0;32m  OK  [0m] Listening on LXD - unix socket.
[[0;32m  OK  [0m] Listening on Socket activation for snappy daemon.
[[0;32m  OK  [0m] Reached target Sockets.
[[0;32m  OK  [0m] Reached target Basic System.
         Starting /etc/rc.local Compatibility...
[[0;32m  OK  [0m] Started Deferred execution scheduler.
[[0;32m  OK  [0m] Started FUSE filesystem for LXC.
         Starting LXD - container startup/shutdown...
         Starting Pollinate to seed the pseudo random number generator...
         Starting LSB: Record successful boot for GRUB...
         Starting LSB: MD monitoring daemon...
         Starting Login Service...
[[0;32m  OK  [0m] Started Regular background program processing daemon.
[[0;32m  OK  [0m] Started D-Bus System Message Bus.
         Starting Snap Daemon...
[[0;32m  OK  [0m] Started ACPI event daemon.
         Starting System Logging Service...
         Starting Virtualbox guest utils...
         Starting Accounts Service...
[[0;32m  OK  [0m] Started iSCSI initiator daemon (iscsid).
[[0;32m  OK  [0m] Started /etc/rc.local Compatibility.
[[0;32m  OK  [0m] Started Login Service.
[[0;32m  OK  [0m] Started Unattended Upgrades Shutdown.
         Starting Login to default iSCSI targets...
[[0;32m  OK  [0m] Started System Logging Service.
[[0;32m  OK  [0m] Started LSB: Record successful boot for GRUB.
[[0;32m  OK  [0m] Started LSB: MD monitoring daemon.
[[0;32m  OK  [0m] Started LXD - container startup/shutdown.
[[0;32m  OK  [0m] Started Login to default iSCSI targets.
[[0;32m  OK  [0m] Reached target Remote File Systems (Pre).
[[0;32m  OK  [0m] Reached target Remote File Systems.
         Starting Permit User Sessions...
         Starting LSB: Set the CPU Frequency Scaling governor to "ondemand"...
         Starting LSB: daemon to balance interrupts for SMP systems...
         Starting LSB: automatic crash report generation...
[[0;32m  OK  [0m] Started LSB: Set the CPU Frequency Scaling governor to "ondemand".
[[0;32m  OK  [0m] Started Permit User Sessions.
         Starting Terminate Plymouth Boot Screen...
         Starting Hold until boot process finishes up...
[[0;32m  OK  [0m] Started Terminate Plymouth Boot Screen.
         Starting Authenticate and Authorize Users to Run Privileged Tasks...
[[0;32m  OK  [0m] Started Hold until boot process finishes up.
         Starting Set console scheme...
[[0;32m  OK  [0m] Started Getty on tty1.
[[0;32m  OK  [0m] Started Serial Getty on ttyS0.
[[0;32m  OK  [0m] Reached target Login Prompts.
[[0;32m  OK  [0m] Started Virtualbox guest utils.
[[0;32m  OK  [0m] Started Set console scheme.
[[0;32m  OK  [0m] Started Authenticate and Authorize Users to Run Privileged Tasks.
[[0;32m  OK  [0m] Started Accounts Service.
[[0;32m  OK  [0m] Started LSB: automatic crash report generation.
[[0;32m  OK  [0m] Started LSB: daemon to balance interrupts for SMP systems.
[[0;32m  OK  [0m] Started Snap Daemon.
         Starting Wait until snapd is fully seeded...
[[0;32m  OK  [0m] Started Pollinate to seed the pseudo random number generator.
         Starting OpenBSD Secure Shell server...
[[0;32m  OK  [0m] Started OpenBSD Secure Shell server.
[[0;32m  OK  [0m] Created slice User Slice of vagrant.
         Starting User Manager for UID 1000...
[[0;32m  OK  [0m] Started Session 1 of user vagrant.
[[0;32m  OK  [0m] Started User Manager for UID 1000.

Ubuntu 16.04.7 LTS ubuntu-xenial ttyS0

ubuntu-xenial login: [   62.732562] cloud-init[1990]: Generating locales (this might take a while)...
[   64.883994] cloud-init[1990]:   en_US.UTF-8... done
[   64.885782] cloud-init[1990]: Generation complete.
[   65.873236] cloud-init[1990]: Cloud-init v. 21.1-19-gbad84ad4-0ubuntu1~16.04.2 running 'modules:config' at Sat, 30 Jul 2022 08:06:45 +0000. Up 62.38 seconds.
ci-info: no authorized SSH keys fingerprints found for user ubuntu.
<14>Jul 30 08:06:50 ec2: 
<14>Jul 30 08:06:50 ec2: #############################################################
<14>Jul 30 08:06:50 ec2: -----BEGIN SSH HOST KEY FINGERPRINTS-----
<14>Jul 30 08:06:50 ec2: 1024 SHA256:Ty96BM9pYRihudxMDRv8L3jgELJe6fin5rSOywMuEIg root@ubuntu-xenial (DSA)
<14>Jul 30 08:06:50 ec2: 256 SHA256:+LgBjj07DxxMnpjoZ6KG7x7Vt6RXVqu8qNE1Piuyhbc root@ubuntu-xenial (ECDSA)
<14>Jul 30 08:06:50 ec2: 256 SHA256:8uxwoNJhmQessscVqyKjVGl31WOk02qoiS1Fl58kkuU root@ubuntu-xenial (ED25519)
<14>Jul 30 08:06:50 ec2: 2048 SHA256:DOOa4iLz25Buk1SSqbNm6i/96vjyIaxCXNQantLZw1M root@ubuntu-xenial (RSA)
<14>Jul 30 08:06:50 ec2: -----END SSH HOST KEY FINGERPRINTS-----
<14>Jul 30 08:06:50 ec2: #############################################################
-----BEGIN SSH HOST KEY KEYS-----
ecdsa-sha2-nistp256 AAAAE2VjZHNhLXNoYTItbmlzdHAyNTYAAAAIbmlzdHAyNTYAAABBBMK8b22mYKlhGuSFG84oM78oqqzo0yGbfk6kXYJmcKMUuQF8SgY0W04iTpGb3zORDjj4/eKXTBWRe4I0RGwEEsc= root@ubuntu-xenial
ssh-ed25519 AAAAC3NzaC1lZDI1NTE5AAAAIOA4ozx8FETVPePMZzDP6mZedpWz9q5Ij7Caj2NMl467 root@ubuntu-xenial
ssh-rsa AAAAB3NzaC1yc2EAAAADAQABAAABAQCiQ1iJMCZCZcjT/7/N6a6NbXl0aMGuSK4IDFmXgpvP8GAbw7D+28c6F5NaoTJN64nD+2bhORP2WA7zuy7s868gZYA0Fk4jVNxDNTGgjYhEItrcukqokipFW5b5O9o71ALCQqkfssXQibEKb73Mu/JzV/MsYAT9ZxZWEqIDLvUNVkbECcqt5OsQGxbU73w8U0KMaeEYDLLwW7w5Dj2/uGGSjbQR5jQ1rCbA1kATzYBCwG9Q32wl4OoixjWBpLeG/CnFNJwUtGOu/Fo/42l5+TcxLxdWoJe/w8u3TdXV081Ik4gUo1wpf2SNN3oYYceOAdaPXPNhwFpnG+wHpuOyBozl root@ubuntu-xenial
-----END SSH HOST KEY KEYS-----
[   67.098417] cloud-init[2035]: Cloud-init v. 21.1-19-gbad84ad4-0ubuntu1~16.04.2 running 'modules:final' at Sat, 30 Jul 2022 08:06:49 +0000. Up 66.66 seconds.
[   67.098924] cloud-init[2035]: ci-info: no authorized SSH keys fingerprints found for user ubuntu.
[   67.099796] cloud-init[2035]: Cloud-init v. 21.1-19-gbad84ad4-0ubuntu1~16.04.2 finished at Sat, 30 Jul 2022 08:06:50 +0000. Datasource DataSourceNoCloud [seed=/dev/sdb][dsmode=net].  Up 67.07 seconds
[[0;32m  OK  [0m] Stopped target Cloud-init target.
[[0;32m  OK  [0m] Closed Load/Save RF Kill Switch Status /dev/rfkill Watch.
         Stopping Authenticate and Authorize Users to Run Privileged Tasks...
         Stopping User Manager for UID 1000...
         Stopping ACPI event daemon...
[[0;32m  OK  [0m] Stopped target Timers.
[[0;32m  OK  [0m] Stopped Daily Cleanup of Temporary Directories.
[[0;32m  OK  [0m] Stopped Message of the Day.
[[0;32m  OK  [0m] Stopped Ubuntu Advantage update messaging.
[[0;32m  OK  [0m] Stopped Daily apt upgrade and clean activities.
[[0;32m  OK  [0m] Stopped Daily apt download activities.
[[0;32m  OK  [0m] Stopped target System Time Synchronized.
[[0;32m  OK  [0m] Stopped target Graphical Interface.
         Stopping Accounts Service...
         Stopping Session 7 of user vagrant.
[[0;32m  OK  [0m] Stopped Execute cloud user/final scripts.
[[0;32m  OK  [0m] Stopped Apply the settings specified in cloud-config.
[[0;32m  OK  [0m] Stopped target Cloud-config availability.
[[0;32m  OK  [0m] Stopped target Multi-User System.
         Stopping Regular background program processing daemon...
         Stopping FUSE filesystem for LXC...
         Stopping LSB: daemon to balance interrupts for SMP systems...
         Stopping Virtualbox guest utils...
         Stopping System Logging Service...
         Stopping LSB: MD monitoring daemon...
[[0;32m  OK  [0m] Stopped Wait until snapd is fully seeded.
         Stopping D-Bus System Message Bus...
         Stopping LXD - container startup/shutdown...
         Stopping A high performance web server and a reverse proxy server...
         Stopping LSB: Set the CPU Frequency Scaling governor to "ondemand"...
         Stopping LSB: Record successful boot for GRUB...
         Stopping LSB: automatic crash report generation...
[[0;32m  OK  [0m] Stopped target Login Prompts.
         Stopping Serial Getty on ttyS0...
         Stopping Getty on tty1...
         Stopping Deferred execution scheduler...
         Stopping OpenBSD Secure Shell server...
[[0;32m  OK  [0m] Unmounted /var/lib/lxcfs.
[[0;32m  OK  [0m] Stopped Regular background program processing daemon.
[[0;32m  OK  [0m] Stopped Accounts Service.
[[[[0;32m  OK  [0m] Stopped Deferred execution scheduler.
[[0;32m  OK  [0m] Stopped ACPI event daemon.
[[0;32m  OK  [0m] Stopped System Logging Service.
[[0;32m  OK  [0m] Stopped Getty on tty1.
[[0;32m  OK  [0m] Stopped Serial Getty on ttyS0.
[[0;32m  OK  [0m] Stopped OpenBSD Secure Shell server.
[[0;32m  OK  [0m] Stopped D-Bus System Message Bus.
[[0;32m  OK  [0m] Stopped FUSE filesystem for LXC.
[[0;32m  OK  [0m] Stopped LXD - container startup/shutdown.
[[0;32m  OK  [0m] Stopped A high performance web server and a reverse proxy server.
[[0;32m  OK  [0m] Removed slice system-serial\x2dgetty.slice.
[[0;32m  OK  [0m] Removed slice system-getty.slice.
[[0;32m  OK  [0m] Stopped /etc/rc.local Compatibility.
[[0;32m  OK  [0m] Removed slice User Slice of vagrant.
         Stopping Login Service...
         Stopping Permit User Sessions...
[[0;32m  OK  [0m] Stopped Virtualbox guest utils.
[[0;32m  OK  [0m] Stopped LSB: MD monitoring daemon.
[[0;32m  OK  [0m] Stopped LSB: Set the CPU Frequency Scaling governor to "ondemand".
[[0;32m  OK  [0m] Stopped LSB: Record successful boot for GRUB.
[[0;32m  OK  [0m] Stopped LSB: automatic crash report generation.
[[0;32m  OK  [0m] Stopped Permit User Sessions.
[[0;32m  OK  [0m] Stopped Login Service.
[[0;32m  OK  [0m] Stopped target User and Group Name Lookups.
[[0;32m  OK  [0m] Stopped LSB: daemon to balance interrupts for SMP systems.
[[0;32m  OK  [0m] Stopped target Remote File Systems.
         Unmounting /vagrant...
[[0;32m  OK  [0m] Stopped target Basic System.
[[0;32m  OK  [0m] Stopped target Sockets.
[[0;32m  OK  [0m] Closed ACPID Listen Socket.
[[0;32m  OK  [0m] Closed Syslog Socket.
[[0;32m  OK  [0m] Closed LXD - unix socket.
[[0;32m  OK  [0m] Closed Socket activation for snappy daemon.
[[0;32m  OK  [0m] Closed D-Bus System Message Bus Socket.
[[0;32m  OK  [0m] Closed UUID daemon activation socket.
[[0;32m  OK  [0m] Stopped target Slices.
[[0;32m  OK  [0m] Removed slice User and Session Slice.
[[0;32m  OK  [0m] Stopped target Paths.
[[0;32m  OK  [0m] Stopped Dispatch Password Requests to Console Directory Watch.
[[0;32m  OK  [0m] Stopped ACPI Events Check.
[[0;32m  OK  [0m] Stopped target System Initialization.
[[0;32m  OK  [0m] Stopped Commit a transient machine-id on disk.
[[0;32m  OK  [0m] Stopped Create Volatile Files and Directories.
         Stopping Load/Save Random Seed...
[[0;32m  OK  [0m] Stopped target Encrypted Volumes.
[[0;32m  OK  [0m] Stopped target Swap.
[[0;32m  OK  [0m] Stopped Forward Password Requests to Wall Directory Watch.
[[0;32m  OK  [0m] Unmounted /vagrant.
[[0;32m  OK  [0m] Stopped Load/Save Random Seed.
[[0;32m  OK  [0m] Stopped target Remote File Systems (Pre).
         Stopping Login to default iSCSI targets...
[[0;32m  OK  [0m] Stopped Login to default iSCSI targets.
         Stopping iSCSI initiator daemon (iscsid)...
[[0;32m  OK  [0m] Stopped iSCSI initiator daemon (iscsid).
[[0;32m  OK  [0m] Stopped target Network is Online.
[[0;32m  OK  [0m] Stopped Initial cloud-init job (metadata service crawler).
[[0;32m  OK  [0m] Stopped target Network.
         Stopping Raise network interfaces...
[[0;32m  OK  [0m] Stopped Raise network interfaces.
[[0;32m  OK  [0m] Stopped target Local File Systems.
         Unmounting /run/user/1000...
[[0;32m  OK  [0m] Stopped target Network (Pre).
[[0;32m  OK  [0m] Stopped Initial cloud-init job (pre-networking).
[[0;32m  OK  [0m] Stopped Apply Kernel Variables.
[[0;32m  OK  [0m] Stopped Load Kernel Modules.
[[0;32m  OK  [0m] Unmounted /run/user/1000.
[[0;32m  OK  [0m] Reached target Unmount All Filesystems.
[[0;32m  OK  [0m] Stopped target Local File Systems (Pre).
         Stopping Monitoring of LVM2 mirrors... dmeventd or progress polling...
[[0;32m  OK  [0m] Stopped Remount Root and Kernel File Systems.
[[0;32m  OK  [0m] Stopped Create Static Device Nodes in /dev.
[[0;32m  OK  [0m] Reached target Shutdown.
[ 9222.981885] reboot: Power down
